<?xml version="1.0" encoding="UTF-8"?>
<robot generator="Robot 7.0 (Python 3.10.4 on win32)" generated="2024-03-13T03:28:31.519113" rpa="false" schemaversion="5">
<suite id="s1" name="Test Cases" source="C:\Users\adrie\Desktop\robot_adrie\test_cases.robot">
<test id="s1-t1" name="Test Case 1 - Adding products to cart and checking it" line="11">
<kw name="Open the Browser" owner="resource" type="SETUP">
<kw name="Open Browser" owner="SeleniumLibrary">
<msg time="2024-03-13T03:28:31.925379" level="INFO">Opening browser 'Chrome' to base url 'http://automationexercise.com'.</msg>
<arg>url=${BASE_URL}</arg>
<arg>browser=${BROWSER}</arg>
<doc>Opens a new browser instance to the optional ``url``.</doc>
<status status="PASS" start="2024-03-13T03:28:31.923873" elapsed="5.974457"/>
</kw>
<kw name="Maximize Browser Window" owner="SeleniumLibrary">
<doc>Maximizes current browser window.</doc>
<status status="PASS" start="2024-03-13T03:28:37.898330" elapsed="0.128834"/>
</kw>
<kw name="Wait Until Element Is Visible" owner="SeleniumLibrary">
<arg>locator=${INITIAL_PAGE_LOCATOR}</arg>
<doc>Waits until the element ``locator`` is visible.</doc>
<status status="PASS" start="2024-03-13T03:28:38.028162" elapsed="0.037758"/>
</kw>
<status status="PASS" start="2024-03-13T03:28:31.923873" elapsed="6.143049"/>
</kw>
<kw name="Navigate to Products Page" owner="resource">
<kw name="Go To" owner="SeleniumLibrary">
<msg time="2024-03-13T03:28:38.068036" level="INFO">Opening url 'http://automationexercise.com/products'</msg>
<arg>url=${BASE_URL}/products</arg>
<doc>Navigates the current browser window to the provided ``url``.</doc>
<status status="PASS" start="2024-03-13T03:28:38.068036" elapsed="2.365341"/>
</kw>
<kw name="Wait Until Element Is Visible" owner="SeleniumLibrary">
<arg>locator=${PRODUCT_PAGE_LOCATOR}</arg>
<doc>Waits until the element ``locator`` is visible.</doc>
<status status="PASS" start="2024-03-13T03:28:40.433908" elapsed="0.031519"/>
</kw>
<status status="PASS" start="2024-03-13T03:28:38.068036" elapsed="2.397391"/>
</kw>
<kw name="Verify Search Bar is Visible" owner="resource">
<kw name="Page Should Contain Element" owner="SeleniumLibrary">
<msg time="2024-03-13T03:28:40.484526" level="INFO">Current page contains element '//button[contains(@id,'submit_search')]'.</msg>
<arg>locator=${SEARCH_BAR_LOCATOR}</arg>
<doc>Verifies that element ``locator`` is found on the current page.</doc>
<status status="PASS" start="2024-03-13T03:28:40.466639" elapsed="0.017887"/>
</kw>
<status status="PASS" start="2024-03-13T03:28:40.466639" elapsed="0.017887"/>
</kw>
<kw name="Search for Product &quot;Men Tshirt&quot;" owner="resource" source_name="Search for Product &quot;${PRODUCT}&quot;">
<kw name="Clear Element Text" owner="SeleniumLibrary">
<arg>${SEARCH_FIELD_LOCATOR}</arg>
<doc>Clears the value of the text-input-element identified by ``locator``.</doc>
<status status="PASS" start="2024-03-13T03:28:40.485264" elapsed="0.055913"/>
</kw>
<kw name="Input Text" owner="SeleniumLibrary">
<msg time="2024-03-13T03:28:40.541681" level="INFO">Typing text 'Men Tshirt' into text field '//input[contains(@id,'search_product')]'.</msg>
<arg>${SEARCH_FIELD_LOCATOR}</arg>
<arg>${PRODUCT}</arg>
<doc>Types the given ``text`` into the text field identified by ``locator``.</doc>
<status status="PASS" start="2024-03-13T03:28:40.541681" elapsed="0.140298"/>
</kw>
<kw name="Click Element" owner="SeleniumLibrary">
<msg time="2024-03-13T03:28:40.682981" level="INFO">Clicking element '//button[contains(@id,'submit_search')]'.</msg>
<arg>${SEARCH_BAR_LOCATOR}</arg>
<doc>Click the element identified by ``locator``.</doc>
<status status="PASS" start="2024-03-13T03:28:40.681979" elapsed="1.706378"/>
</kw>
<status status="PASS" start="2024-03-13T03:28:40.485264" elapsed="1.904204"/>
</kw>
<kw name="Verify Product in Results &quot;Men Tshirt&quot;" owner="resource" source_name="Verify Product in Results &quot;${PRODUCT}&quot;">
<kw name="Wait Until Element Is Visible" owner="SeleniumLibrary">
<arg>locator=${SEARCH_RESULTS_LOCATOR}</arg>
<doc>Waits until the element ``locator`` is visible.</doc>
<status status="PASS" start="2024-03-13T03:28:42.390818" elapsed="0.024969"/>
</kw>
<kw name="Scroll Element Into View" owner="SeleniumLibrary">
<arg>locator=//a[contains(.,'View Product')]</arg>
<doc>Scrolls the element identified by ``locator`` into view.</doc>
<status status="PASS" start="2024-03-13T03:28:42.415787" elapsed="0.312038"/>
</kw>
<kw name="Page Should Contain" owner="SeleniumLibrary">
<msg time="2024-03-13T03:28:42.743604" level="INFO">Current page contains text 'Men Tshirt'.</msg>
<arg>${PRODUCT}</arg>
<doc>Verifies that current page contains ``text``.</doc>
<status status="PASS" start="2024-03-13T03:28:42.727825" elapsed="0.015779"/>
</kw>
<status status="PASS" start="2024-03-13T03:28:42.390818" elapsed="0.352786"/>
</kw>
<kw name="Add Product to Cart" owner="resource">
<kw name="Mouse Over" owner="SeleniumLibrary">
<msg time="2024-03-13T03:28:42.744643" level="INFO">Simulating Mouse Over on element '//img[contains(@alt,'ecommerce website products')]'.</msg>
<arg>locator=//img[contains(@alt,'ecommerce website products')]</arg>
<doc>Simulates hovering the mouse over the element ``locator``.</doc>
<status status="PASS" start="2024-03-13T03:28:42.744643" elapsed="0.283744"/>
</kw>
<kw name="Click Element" owner="SeleniumLibrary">
<msg time="2024-03-13T03:28:43.028387" level="INFO">Clicking element '(//*[contains(text(),'Add to cart')])[2]'.</msg>
<arg>locator=(//*[contains(text(),'Add to cart')])[2]</arg>
<doc>Click the element identified by ``locator``.</doc>
<status status="PASS" start="2024-03-13T03:28:43.028387" elapsed="0.056025"/>
</kw>
<kw name="Wait Until Element Is Visible" owner="SeleniumLibrary">
<arg>locator=${ADDED_TO_CART_CONFIRMATION_LOCATOR}</arg>
<doc>Waits until the element ``locator`` is visible.</doc>
<status status="PASS" start="2024-03-13T03:28:43.085638" elapsed="0.527910"/>
</kw>
<kw name="Click Element" owner="SeleniumLibrary">
<msg time="2024-03-13T03:28:43.614550" level="INFO">Clicking element '//button[@class='btn btn-success close-modal btn-block'][contains(.,'Continue Shopping')]'.</msg>
<arg>locator=${CONTINUE_SHOPPING_LOCATOR}</arg>
<doc>Click the element identified by ``locator``.</doc>
<status status="PASS" start="2024-03-13T03:28:43.614550" elapsed="0.058367"/>
</kw>
<status status="PASS" start="2024-03-13T03:28:42.744643" elapsed="0.928274"/>
</kw>
<kw name="Search for Product &quot;Madame Top For Women&quot;" owner="resource" source_name="Search for Product &quot;${PRODUCT}&quot;">
<kw name="Clear Element Text" owner="SeleniumLibrary">
<arg>${SEARCH_FIELD_LOCATOR}</arg>
<doc>Clears the value of the text-input-element identified by ``locator``.</doc>
<status status="PASS" start="2024-03-13T03:28:43.674212" elapsed="0.049461"/>
</kw>
<kw name="Input Text" owner="SeleniumLibrary">
<msg time="2024-03-13T03:28:43.724679" level="INFO">Typing text 'Madame Top For Women' into text field '//input[contains(@id,'search_product')]'.</msg>
<arg>${SEARCH_FIELD_LOCATOR}</arg>
<arg>${PRODUCT}</arg>
<doc>Types the given ``text`` into the text field identified by ``locator``.</doc>
<status status="PASS" start="2024-03-13T03:28:43.723673" elapsed="0.126587"/>
</kw>
<kw name="Click Element" owner="SeleniumLibrary">
<msg time="2024-03-13T03:28:43.851715" level="INFO">Clicking element '//button[contains(@id,'submit_search')]'.</msg>
<arg>${SEARCH_BAR_LOCATOR}</arg>
<doc>Click the element identified by ``locator``.</doc>
<status status="PASS" start="2024-03-13T03:28:43.851715" elapsed="1.672713"/>
</kw>
<status status="PASS" start="2024-03-13T03:28:43.674212" elapsed="1.850216"/>
</kw>
<kw name="Verify Product in Results &quot;Madame Top For Women&quot;" owner="resource" source_name="Verify Product in Results &quot;${PRODUCT}&quot;">
<kw name="Wait Until Element Is Visible" owner="SeleniumLibrary">
<arg>locator=${SEARCH_RESULTS_LOCATOR}</arg>
<doc>Waits until the element ``locator`` is visible.</doc>
<status status="PASS" start="2024-03-13T03:28:45.526775" elapsed="0.023438"/>
</kw>
<kw name="Scroll Element Into View" owner="SeleniumLibrary">
<arg>locator=//a[contains(.,'View Product')]</arg>
<doc>Scrolls the element identified by ``locator`` into view.</doc>
<status status="PASS" start="2024-03-13T03:28:45.550213" elapsed="0.332107"/>
</kw>
<kw name="Page Should Contain" owner="SeleniumLibrary">
<msg time="2024-03-13T03:28:45.929809" level="INFO">Current page contains text 'Madame Top For Women'.</msg>
<arg>${PRODUCT}</arg>
<doc>Verifies that current page contains ``text``.</doc>
<status status="PASS" start="2024-03-13T03:28:45.882320" elapsed="0.047489"/>
</kw>
<status status="PASS" start="2024-03-13T03:28:45.525713" elapsed="0.405103"/>
</kw>
<kw name="Add Product to Cart" owner="resource">
<kw name="Mouse Over" owner="SeleniumLibrary">
<msg time="2024-03-13T03:28:45.932735" level="INFO">Simulating Mouse Over on element '//img[contains(@alt,'ecommerce website products')]'.</msg>
<arg>locator=//img[contains(@alt,'ecommerce website products')]</arg>
<doc>Simulates hovering the mouse over the element ``locator``.</doc>
<status status="PASS" start="2024-03-13T03:28:45.932229" elapsed="0.296038"/>
</kw>
<kw name="Click Element" owner="SeleniumLibrary">
<msg time="2024-03-13T03:28:46.230261" level="INFO">Clicking element '(//*[contains(text(),'Add to cart')])[2]'.</msg>
<arg>locator=(//*[contains(text(),'Add to cart')])[2]</arg>
<doc>Click the element identified by ``locator``.</doc>
<status status="PASS" start="2024-03-13T03:28:46.229268" elapsed="0.097075"/>
</kw>
<kw name="Wait Until Element Is Visible" owner="SeleniumLibrary">
<arg>locator=${ADDED_TO_CART_CONFIRMATION_LOCATOR}</arg>
<doc>Waits until the element ``locator`` is visible.</doc>
<status status="PASS" start="2024-03-13T03:28:46.326343" elapsed="0.284683"/>
</kw>
<kw name="Click Element" owner="SeleniumLibrary">
<msg time="2024-03-13T03:28:46.612026" level="INFO">Clicking element '//button[@class='btn btn-success close-modal btn-block'][contains(.,'Continue Shopping')]'.</msg>
<arg>locator=${CONTINUE_SHOPPING_LOCATOR}</arg>
<doc>Click the element identified by ``locator``.</doc>
<status status="PASS" start="2024-03-13T03:28:46.611026" elapsed="0.046530"/>
</kw>
<status status="PASS" start="2024-03-13T03:28:45.930816" elapsed="0.726740"/>
</kw>
<kw name="Navigate to Cart" owner="resource">
<kw name="Click Element" owner="SeleniumLibrary">
<msg time="2024-03-13T03:28:46.658611" level="INFO">Clicking element '//*[@id="header"]//a[@href='/view_cart'][contains(.,'Cart')]'.</msg>
<arg>locator=${GO_TO_CART_LOCATOR}</arg>
<doc>Click the element identified by ``locator``.</doc>
<status status="PASS" start="2024-03-13T03:28:46.658611" elapsed="1.196494"/>
</kw>
<status status="PASS" start="2024-03-13T03:28:46.657556" elapsed="1.197549"/>
</kw>
<kw name="Verify Products in Cart" owner="resource">
<kw name="Log To Console" owner="BuiltIn">
<arg>${\n}</arg>
<doc>Logs the given message to the console.</doc>
<status status="PASS" start="2024-03-13T03:28:47.857087" elapsed="0.000000"/>
</kw>
<for flavor="IN">
<iter>
<kw name="Page Should Contain" owner="SeleniumLibrary">
<msg time="2024-03-13T03:28:47.884762" level="INFO">Current page contains text 'Men Tshirt'.</msg>
<arg>${product}</arg>
<doc>Verifies that current page contains ``text``.</doc>
<status status="PASS" start="2024-03-13T03:28:47.859082" elapsed="0.025680"/>
</kw>
<var name="${product}">Men Tshirt</var>
<status status="PASS" start="2024-03-13T03:28:47.859082" elapsed="0.025680"/>
</iter>
<iter>
<kw name="Page Should Contain" owner="SeleniumLibrary">
<msg time="2024-03-13T03:28:47.902635" level="INFO">Current page contains text 'Madame Top For Women'.</msg>
<arg>${product}</arg>
<doc>Verifies that current page contains ``text``.</doc>
<status status="PASS" start="2024-03-13T03:28:47.885897" elapsed="0.017741"/>
</kw>
<var name="${product}">Madame Top For Women</var>
<status status="PASS" start="2024-03-13T03:28:47.885897" elapsed="0.017741"/>
</iter>
<var>${product}</var>
<value>@{products}</value>
<status status="PASS" start="2024-03-13T03:28:47.858085" elapsed="0.045553"/>
</for>
<arg>@{PRODUCTS}</arg>
<status status="PASS" start="2024-03-13T03:28:47.856090" elapsed="0.047548"/>
</kw>
<kw name="Verify Cart Total" owner="resource">
<kw name="Get Text" owner="SeleniumLibrary">
<msg time="2024-03-13T03:28:47.940891" level="INFO">${price_first_product_with_currency} = Rs. 400</msg>
<var>${price_first_product_with_currency}</var>
<arg>locator=//*[@id="product-2"]/td[5]</arg>
<doc>Returns the text value of the element identified by ``locator``.</doc>
<status status="PASS" start="2024-03-13T03:28:47.904845" elapsed="0.036046"/>
</kw>
<kw name="Log To Console" owner="BuiltIn">
<arg>${price_first_product_with_currency}</arg>
<doc>Logs the given message to the console.</doc>
<status status="PASS" start="2024-03-13T03:28:47.940891" elapsed="0.001451"/>
</kw>
<kw name="Set Variable" owner="BuiltIn">
<msg time="2024-03-13T03:28:47.943854" level="INFO">${lowercase_price_1} = rs. 400</msg>
<var>${lowercase_price_1}</var>
<arg>${price_first_product_with_currency.lower()}</arg>
<doc>Returns the given values which can then be assigned to a variables.</doc>
<status status="PASS" start="2024-03-13T03:28:47.942853" elapsed="0.001001"/>
</kw>
<kw name="Evaluate" owner="BuiltIn">
<msg time="2024-03-13T03:28:47.943854" level="INFO">${price_first_product} = 400</msg>
<var>${price_first_product}</var>
<arg>"${lowercase_price_1}".replace("rs. ", "")</arg>
<doc>Evaluates the given expression in Python and returns the result.</doc>
<status status="PASS" start="2024-03-13T03:28:47.943854" elapsed="0.000000"/>
</kw>
<kw name="Convert To Integer" owner="BuiltIn">
<msg time="2024-03-13T03:28:47.944851" level="INFO">${integer_value_1} = 400</msg>
<var>${integer_value_1}</var>
<arg>${price_first_product}</arg>
<doc>Converts the given item to an integer number.</doc>
<status status="PASS" start="2024-03-13T03:28:47.943854" elapsed="0.000997"/>
</kw>
<kw name="Log To Console" owner="BuiltIn">
<arg>Original Price: ${price_first_product_with_currency}</arg>
<doc>Logs the given message to the console.</doc>
<status status="PASS" start="2024-03-13T03:28:47.944851" elapsed="0.000000"/>
</kw>
<kw name="Log To Console" owner="BuiltIn">
<arg>Integer Value: ${price_first_product}</arg>
<doc>Logs the given message to the console.</doc>
<status status="PASS" start="2024-03-13T03:28:47.944851" elapsed="0.000000"/>
</kw>
<kw name="Get Text" owner="SeleniumLibrary">
<msg time="2024-03-13T03:28:47.976137" level="INFO">${price_second_product_with_currency} = Rs. 1000</msg>
<var>${price_second_product_with_currency}</var>
<arg>locator=//*[@id="product-7"]/td[5]</arg>
<doc>Returns the text value of the element identified by ``locator``.</doc>
<status status="PASS" start="2024-03-13T03:28:47.946196" elapsed="0.029941"/>
</kw>
<kw name="Log To Console" owner="BuiltIn">
<arg>${price_second_product_with_currency}</arg>
<doc>Logs the given message to the console.</doc>
<status status="PASS" start="2024-03-13T03:28:47.976137" elapsed="0.000997"/>
</kw>
<kw name="Set Variable" owner="BuiltIn">
<msg time="2024-03-13T03:28:47.978131" level="INFO">${lowercase_price_2} = rs. 1000</msg>
<var>${lowercase_price_2}</var>
<arg>${price_second_product_with_currency.lower()}</arg>
<doc>Returns the given values which can then be assigned to a variables.</doc>
<status status="PASS" start="2024-03-13T03:28:47.977134" elapsed="0.000997"/>
</kw>
<kw name="Evaluate" owner="BuiltIn">
<msg time="2024-03-13T03:28:47.979128" level="INFO">${price_second_product} = 1000</msg>
<var>${price_second_product}</var>
<arg>"${lowercase_price_2}".replace("rs. ", "")</arg>
<doc>Evaluates the given expression in Python and returns the result.</doc>
<status status="PASS" start="2024-03-13T03:28:47.978131" elapsed="0.000997"/>
</kw>
<kw name="Convert To Integer" owner="BuiltIn">
<msg time="2024-03-13T03:28:47.979128" level="INFO">${integer_value_2} = 1000</msg>
<var>${integer_value_2}</var>
<arg>${price_second_product}</arg>
<doc>Converts the given item to an integer number.</doc>
<status status="PASS" start="2024-03-13T03:28:47.979128" elapsed="0.000000"/>
</kw>
<kw name="Log To Console" owner="BuiltIn">
<arg>Original Price: ${price_second_product_with_currency}</arg>
<doc>Logs the given message to the console.</doc>
<status status="PASS" start="2024-03-13T03:28:47.980424" elapsed="0.000000"/>
</kw>
<kw name="Log To Console" owner="BuiltIn">
<arg>Integer Value: ${price_second_product}</arg>
<doc>Logs the given message to the console.</doc>
<status status="PASS" start="2024-03-13T03:28:47.980424" elapsed="0.001451"/>
</kw>
<kw name="Evaluate" owner="BuiltIn">
<msg time="2024-03-13T03:28:47.982380" level="INFO">${SUM} = 1400</msg>
<var>${SUM}</var>
<arg>${price_first_product} + ${price_second_product}</arg>
<doc>Evaluates the given expression in Python and returns the result.</doc>
<status status="PASS" start="2024-03-13T03:28:47.982380" elapsed="0.000000"/>
</kw>
<kw name="Log To Console" owner="BuiltIn">
<arg>What was the real amount is R$ ${SUM}</arg>
<doc>Logs the given message to the console.</doc>
<status status="PASS" start="2024-03-13T03:28:47.983381" elapsed="0.000000"/>
</kw>
<kw name="Add Products" owner="resource">
<kw name="Set Variable" owner="BuiltIn">
<msg time="2024-03-13T03:28:47.986207" level="INFO">${total} = 0</msg>
<var>${total}</var>
<arg>0</arg>
<doc>Returns the given values which can then be assigned to a variables.</doc>
<status status="PASS" start="2024-03-13T03:28:47.986207" elapsed="0.000000"/>
</kw>
<for flavor="IN">
<iter>
<kw name="Get Product Price" owner="resource">
<kw name="Run Keyword If" owner="BuiltIn">
<kw name="Set Variable" owner="BuiltIn">
<arg>400</arg>
<doc>Returns the given values which can then be assigned to a variables.</doc>
<status status="PASS" start="2024-03-13T03:28:47.988504" elapsed="0.001000"/>
</kw>
<msg time="2024-03-13T03:28:47.989504" level="INFO">${price} = 400</msg>
<var>${price}</var>
<arg>"${product} == 'Men Tshirt'"</arg>
<arg>Set Variable</arg>
<arg>400</arg>
<arg>ELSE IF</arg>
<arg>"${product} == 'Madame Top For Women'"</arg>
<arg>Set Variable</arg>
<arg>1000</arg>
<arg>ELSE</arg>
<arg>Log</arg>
<arg>Product not found: ${product}</arg>
<doc>Runs the given keyword with the given arguments, if ``condition`` is true.</doc>
<status status="PASS" start="2024-03-13T03:28:47.988504" elapsed="0.001000"/>
</kw>
<kw name="Return From Keyword" owner="BuiltIn">
<msg time="2024-03-13T03:28:47.989504" level="INFO">Returning from the enclosing user keyword.</msg>
<arg>${price}</arg>
<doc>Returns from the enclosing user keyword.</doc>
<status status="PASS" start="2024-03-13T03:28:47.989504" elapsed="0.000000"/>
</kw>
<msg time="2024-03-13T03:28:47.990501" level="INFO">${price} = 400</msg>
<var>${price}</var>
<arg>${product}</arg>
<status status="PASS" start="2024-03-13T03:28:47.987499" elapsed="0.003002"/>
</kw>
<kw name="Evaluate" owner="BuiltIn">
<msg time="2024-03-13T03:28:47.990501" level="INFO">${total} = 400</msg>
<var>${total}</var>
<arg>${total} + ${price}</arg>
<doc>Evaluates the given expression in Python and returns the result.</doc>
<status status="PASS" start="2024-03-13T03:28:47.990501" elapsed="0.000000"/>
</kw>
<var name="${product}">Men Tshirt</var>
<status status="PASS" start="2024-03-13T03:28:47.987499" elapsed="0.003002"/>
</iter>
<iter>
<kw name="Get Product Price" owner="resource">
<kw name="Run Keyword If" owner="BuiltIn">
<kw name="Set Variable" owner="BuiltIn">
<arg>400</arg>
<doc>Returns the given values which can then be assigned to a variables.</doc>
<status status="PASS" start="2024-03-13T03:28:47.992779" elapsed="0.000000"/>
</kw>
<msg time="2024-03-13T03:28:47.992779" level="INFO">${price} = 400</msg>
<var>${price}</var>
<arg>"${product} == 'Men Tshirt'"</arg>
<arg>Set Variable</arg>
<arg>400</arg>
<arg>ELSE IF</arg>
<arg>"${product} == 'Madame Top For Women'"</arg>
<arg>Set Variable</arg>
<arg>1000</arg>
<arg>ELSE</arg>
<arg>Log</arg>
<arg>Product not found: ${product}</arg>
<doc>Runs the given keyword with the given arguments, if ``condition`` is true.</doc>
<status status="PASS" start="2024-03-13T03:28:47.992276" elapsed="0.000503"/>
</kw>
<kw name="Return From Keyword" owner="BuiltIn">
<msg time="2024-03-13T03:28:47.993779" level="INFO">Returning from the enclosing user keyword.</msg>
<arg>${price}</arg>
<doc>Returns from the enclosing user keyword.</doc>
<status status="PASS" start="2024-03-13T03:28:47.992779" elapsed="0.001000"/>
</kw>
<msg time="2024-03-13T03:28:47.993779" level="INFO">${price} = 400</msg>
<var>${price}</var>
<arg>${product}</arg>
<status status="PASS" start="2024-03-13T03:28:47.991772" elapsed="0.002007"/>
</kw>
<kw name="Evaluate" owner="BuiltIn">
<msg time="2024-03-13T03:28:47.993779" level="INFO">${total} = 800</msg>
<var>${total}</var>
<arg>${total} + ${price}</arg>
<doc>Evaluates the given expression in Python and returns the result.</doc>
<status status="PASS" start="2024-03-13T03:28:47.993779" elapsed="0.000997"/>
</kw>
<var name="${product}">Madame Top For Women</var>
<status status="PASS" start="2024-03-13T03:28:47.991772" elapsed="0.003004"/>
</iter>
<var>${product}</var>
<value>@{products}</value>
<status status="PASS" start="2024-03-13T03:28:47.987499" elapsed="0.007277"/>
</for>
<kw name="Return From Keyword" owner="BuiltIn">
<msg time="2024-03-13T03:28:47.994776" level="INFO">Returning from the enclosing user keyword.</msg>
<arg>${total}</arg>
<doc>Returns from the enclosing user keyword.</doc>
<status status="PASS" start="2024-03-13T03:28:47.994776" elapsed="0.000000"/>
</kw>
<msg time="2024-03-13T03:28:47.994776" level="INFO">${total} = 800</msg>
<var>${total}</var>
<arg>@{products}</arg>
<status status="PASS" start="2024-03-13T03:28:47.984810" elapsed="0.009966"/>
</kw>
<kw name="Log To Console" owner="BuiltIn">
<arg>What the Function Calculates is R$ ${total}</arg>
<doc>Logs the given message to the console.</doc>
<status status="PASS" start="2024-03-13T03:28:47.995773" elapsed="0.000000"/>
</kw>
<kw name="Log To Console" owner="BuiltIn">
<arg>Sorry, I was not able to match what I got from page to a parameter...</arg>
<doc>Logs the given message to the console.</doc>
<status status="PASS" start="2024-03-13T03:28:47.996793" elapsed="0.000000"/>
</kw>
<kw name="Add Products" owner="resource">
<kw name="Set Variable" owner="BuiltIn">
<msg time="2024-03-13T03:28:47.998096" level="INFO">${total} = 0</msg>
<var>${total}</var>
<arg>0</arg>
<doc>Returns the given values which can then be assigned to a variables.</doc>
<status status="PASS" start="2024-03-13T03:28:47.998096" elapsed="0.000000"/>
</kw>
<for flavor="IN">
<iter>
<kw name="Get Product Price" owner="resource">
<kw name="Run Keyword If" owner="BuiltIn">
<kw name="Set Variable" owner="BuiltIn">
<arg>400</arg>
<doc>Returns the given values which can then be assigned to a variables.</doc>
<status status="PASS" start="2024-03-13T03:28:48.002870" elapsed="0.000000"/>
</kw>
<msg time="2024-03-13T03:28:48.004138" level="INFO">${price} = 400</msg>
<var>${price}</var>
<arg>"${product} == 'Men Tshirt'"</arg>
<arg>Set Variable</arg>
<arg>400</arg>
<arg>ELSE IF</arg>
<arg>"${product} == 'Madame Top For Women'"</arg>
<arg>Set Variable</arg>
<arg>1000</arg>
<arg>ELSE</arg>
<arg>Log</arg>
<arg>Product not found: ${product}</arg>
<doc>Runs the given keyword with the given arguments, if ``condition`` is true.</doc>
<status status="PASS" start="2024-03-13T03:28:48.001867" elapsed="0.002271"/>
</kw>
<kw name="Return From Keyword" owner="BuiltIn">
<msg time="2024-03-13T03:28:48.004138" level="INFO">Returning from the enclosing user keyword.</msg>
<arg>${price}</arg>
<doc>Returns from the enclosing user keyword.</doc>
<status status="PASS" start="2024-03-13T03:28:48.004138" elapsed="0.000000"/>
</kw>
<msg time="2024-03-13T03:28:48.005354" level="INFO">${price} = 400</msg>
<var>${price}</var>
<arg>${product}</arg>
<status status="PASS" start="2024-03-13T03:28:47.999433" elapsed="0.005921"/>
</kw>
<kw name="Evaluate" owner="BuiltIn">
<msg time="2024-03-13T03:28:48.006355" level="INFO">${total} = 400</msg>
<var>${total}</var>
<arg>${total} + ${price}</arg>
<doc>Evaluates the given expression in Python and returns the result.</doc>
<status status="PASS" start="2024-03-13T03:28:48.005354" elapsed="0.001001"/>
</kw>
<var name="${product}">Men Tshirt</var>
<status status="PASS" start="2024-03-13T03:28:47.999433" elapsed="0.006922"/>
</iter>
<iter>
<kw name="Get Product Price" owner="resource">
<kw name="Run Keyword If" owner="BuiltIn">
<kw name="Set Variable" owner="BuiltIn">
<arg>400</arg>
<doc>Returns the given values which can then be assigned to a variables.</doc>
<status status="PASS" start="2024-03-13T03:28:48.009347" elapsed="0.000000"/>
</kw>
<msg time="2024-03-13T03:28:48.010344" level="INFO">${price} = 400</msg>
<var>${price}</var>
<arg>"${product} == 'Men Tshirt'"</arg>
<arg>Set Variable</arg>
<arg>400</arg>
<arg>ELSE IF</arg>
<arg>"${product} == 'Madame Top For Women'"</arg>
<arg>Set Variable</arg>
<arg>1000</arg>
<arg>ELSE</arg>
<arg>Log</arg>
<arg>Product not found: ${product}</arg>
<doc>Runs the given keyword with the given arguments, if ``condition`` is true.</doc>
<status status="PASS" start="2024-03-13T03:28:48.008350" elapsed="0.001994"/>
</kw>
<kw name="Return From Keyword" owner="BuiltIn">
<msg time="2024-03-13T03:28:48.011342" level="INFO">Returning from the enclosing user keyword.</msg>
<arg>${price}</arg>
<doc>Returns from the enclosing user keyword.</doc>
<status status="PASS" start="2024-03-13T03:28:48.010344" elapsed="0.000998"/>
</kw>
<msg time="2024-03-13T03:28:48.011342" level="INFO">${price} = 400</msg>
<var>${price}</var>
<arg>${product}</arg>
<status status="PASS" start="2024-03-13T03:28:48.007353" elapsed="0.003989"/>
</kw>
<kw name="Evaluate" owner="BuiltIn">
<msg time="2024-03-13T03:28:48.012339" level="INFO">${total} = 800</msg>
<var>${total}</var>
<arg>${total} + ${price}</arg>
<doc>Evaluates the given expression in Python and returns the result.</doc>
<status status="PASS" start="2024-03-13T03:28:48.012339" elapsed="0.000000"/>
</kw>
<var name="${product}">Madame Top For Women</var>
<status status="PASS" start="2024-03-13T03:28:48.006355" elapsed="0.006981"/>
</iter>
<var>${product}</var>
<value>@{products}</value>
<status status="PASS" start="2024-03-13T03:28:47.999433" elapsed="0.013903"/>
</for>
<kw name="Return From Keyword" owner="BuiltIn">
<msg time="2024-03-13T03:28:48.014333" level="INFO">Returning from the enclosing user keyword.</msg>
<arg>${total}</arg>
<doc>Returns from the enclosing user keyword.</doc>
<status status="PASS" start="2024-03-13T03:28:48.013336" elapsed="0.000997"/>
</kw>
<msg time="2024-03-13T03:28:48.014333" level="INFO">${expected_total} = 800</msg>
<var>${expected_total}</var>
<arg>@{products}</arg>
<status status="PASS" start="2024-03-13T03:28:47.998096" elapsed="0.016237"/>
</kw>
<kw name="Should Be Equal As Numbers" owner="BuiltIn">
<arg>${total}</arg>
<arg>${expected_total}</arg>
<doc>Fails if objects are unequal after converting them to real numbers.</doc>
<status status="PASS" start="2024-03-13T03:28:48.015331" elapsed="0.000997"/>
</kw>
<arg>@{PRODUCTS}</arg>
<status status="PASS" start="2024-03-13T03:28:47.903638" elapsed="0.112690"/>
</kw>
<kw name="Close Browser" owner="SeleniumLibrary" type="TEARDOWN">
<doc>Closes the current browser.</doc>
<status status="PASS" start="2024-03-13T03:28:48.020775" elapsed="2.521201"/>
</kw>
<status status="PASS" start="2024-03-13T03:28:31.923128" elapsed="18.621215"/>
</test>
<doc>Test case for Automation Chalenge @Author: Adrielson Pinheiro</doc>
<status status="PASS" start="2024-03-13T03:28:31.522128" elapsed="19.025122"/>
</suite>
<statistics>
<total>
<stat pass="1" fail="0" skip="0">All Tests</stat>
</total>
<tag>
</tag>
<suite>
<stat pass="1" fail="0" skip="0" id="s1" name="Test Cases">Test Cases</stat>
</suite>
</statistics>
<errors>
</errors>
</robot>
